This is pdfTeXk, Version 3.141592-1.40.3 (Web2C 7.5.6) (format=pdflatex 2016.7.17)  7 DEC 2018 15:45
entering extended mode
 %&-line parsing enabled.
**memHHbbww.tex
(./memHHbbww.tex
LaTeX2e <2005/12/01>
Babel <v3.8h> and hyphenation patterns for english, usenglishmax, dumylang, noh
yphenation, arabic, basque, bulgarian, coptic, welsh, czech, slovak, german, ng
erman, danish, esperanto, spanish, catalan, galician, estonian, farsi, finnish,
 french, greek, monogreek, ancientgreek, croatian, hungarian, interlingua, ibyc
us, indonesian, icelandic, italian, latin, mongolian, dutch, norsk, polish, por
tuguese, pinyin, romanian, russian, slovenian, uppersorbian, serbian, swedish, 
turkish, ukenglish, ukrainian, loaded.
(/usr/share/texmf/tex/latex/base/article.cls
Document Class: article 2005/09/16 v1.4f Standard LaTeX document class
(/usr/share/texmf/tex/latex/base/size11.clo
File: size11.clo 2005/09/16 v1.4f Standard LaTeX file (size option)
)
\c@part=\count79
\c@section=\count80
\c@subsection=\count81
\c@subsubsection=\count82
\c@paragraph=\count83
\c@subparagraph=\count84
\c@figure=\count85
\c@table=\count86
\abovecaptionskip=\skip41
\belowcaptionskip=\skip42
\bibindent=\dimen102
)
(/usr/share/texmf/tex/latex/geometry/geometry.sty
Package: geometry 2002/07/08 v3.2 Page Geometry

(/usr/share/texmf/tex/latex/graphics/keyval.sty
Package: keyval 1999/03/16 v1.13 key=value parser (DPC)
\KV@toks@=\toks14
)
\Gm@cnth=\count87
\Gm@cntv=\count88
\c@Gm@tempcnt=\count89
\Gm@bindingoffset=\dimen103
\Gm@wd@mp=\dimen104
\Gm@odd@mp=\dimen105
\Gm@even@mp=\dimen106
\Gm@dimlist=\toks15

(/usr/share/texmf/tex/xelatex/xetexconfig/geometry.cfg))
(/usr/share/texmf/tex/latex/lineno/lineno.sty
Package: lineno 2005/11/02 line numbers on paragraphs v4.41
\linenopenalty=\count90
\output=\toks16
\linenoprevgraf=\count91
\linenumbersep=\dimen107
\linenumberwidth=\dimen108
\c@linenumber=\count92
\c@pagewiselinenumber=\count93
\c@LN@truepage=\count94
\c@internallinenumber=\count95
\c@internallinenumbers=\count96
\quotelinenumbersep=\dimen109
\bframerule=\dimen110
\bframesep=\dimen111
\bframebox=\box26
LaTeX Info: Redefining \\ on input line 3056.
) (./hepnames.sty
Package: hepnames 2014/12/01 Pre-defined HEP particle symbols (version 2.0)

(./hepnicenames.sty
Package: hepnicenames 2014/12/01 Friendly alternatives to the PEN particle code
s (version 2.0)
 (./heppennames.sty
Package: heppennames 2014/12/01 Elementary Particle Naming Scheme (version 2.0)

 (./hepparticles.sty
Package: hepparticles 2014/12/01 HEP particle typesetting (v2.0)
 (./subdepth.sty
Package: subdepth 2007/09/02 v0.1 Unify subscript depths
)
(/usr/share/texmf/tex/latex/amsmath/amsmath.sty
Package: amsmath 2000/07/18 v2.13 AMS math features
\@mathmargin=\skip43

For additional information on amsmath, use the `?' option.
(/usr/share/texmf/tex/latex/amsmath/amstext.sty
Package: amstext 2000/06/29 v2.01

(/usr/share/texmf/tex/latex/amsmath/amsgen.sty
File: amsgen.sty 1999/11/30 v2.0
\@emptytoks=\toks17
\ex@=\dimen112
))
(/usr/share/texmf/tex/latex/amsmath/amsbsy.sty
Package: amsbsy 1999/11/29 v1.2d
\pmbraise@=\dimen113
)
(/usr/share/texmf/tex/latex/amsmath/amsopn.sty
Package: amsopn 1999/12/14 v2.01 operator names
)
\inf@bad=\count97
LaTeX Info: Redefining \frac on input line 211.
\uproot@=\count98
\leftroot@=\count99
LaTeX Info: Redefining \overline on input line 307.
\classnum@=\count100
\DOTSCASE@=\count101
LaTeX Info: Redefining \ldots on input line 379.
LaTeX Info: Redefining \dots on input line 382.
LaTeX Info: Redefining \cdots on input line 467.
\Mathstrutbox@=\box27
\strutbox@=\box28
\big@size=\dimen114
LaTeX Font Info:    Redeclaring font encoding OML on input line 567.
LaTeX Font Info:    Redeclaring font encoding OMS on input line 568.
\macc@depth=\count102
\c@MaxMatrixCols=\count103
\dotsspace@=\muskip10
\c@parentequation=\count104
\dspbrk@lvl=\count105
\tag@help=\toks18
\row@=\count106
\column@=\count107
\maxfields@=\count108
\andhelp@=\toks19
\eqnshift@=\dimen115
\alignsep@=\dimen116
\tagshift@=\dimen117
\tagwidth@=\dimen118
\totwidth@=\dimen119
\lineht@=\dimen120
\@envbody=\toks20
\multlinegap=\skip44
\multlinetaggap=\skip45
\mathdisplay@stack=\toks21
LaTeX Info: Redefining \[ on input line 2666.
LaTeX Info: Redefining \] on input line 2667.
)
LaTeX Font Info:    Overwriting math alphabet `\mathup' in version `bold'
(Font)                  OT1/cmr/m/n --> OT1/cmr/bx/n on input line 110.
LaTeX Font Info:    Overwriting math alphabet `\mathsfup' in version `bold'
(Font)                  OT1/cmss/m/n --> OT1/cmss/bx/n on input line 113.
LaTeX Font Info:    Overwriting math alphabet `\mathsfit' in version `bold'
(Font)                  OT1/cmss/m/sl --> OT1/cmss/bx/sl on input line 116.
)
(/usr/share/texmf/tex/latex/tools/xspace.sty
Package: xspace 2006/05/08 v1.12 Space after command names (DPC,MH)
))))
(/usr/share/texmf/tex/latex/tools/bm.sty
Package: bm 2004/02/26 v1.1c Bold Symbol Support (DPC/FMi)
\symboldoperators=\mathgroup4
\symboldletters=\mathgroup5
\symboldsymbols=\mathgroup6
LaTeX Font Info:    Redeclaring math alphabet \mathbf on input line 137.
LaTeX Info: Redefining \bm on input line 203.
)
(/usr/share/texmf/tex/latex/multirow/multirow.sty
\bigstrutjot=\dimen121
)
(/usr/share/texmf/tex/latex/amsfonts/amssymb.sty
Package: amssymb 2002/01/22 v2.2d

(/usr/share/texmf/tex/latex/amsfonts/amsfonts.sty
Package: amsfonts 2001/10/25 v2.2f
\symAMSa=\mathgroup7
\symAMSb=\mathgroup8
LaTeX Font Info:    Overwriting math alphabet `\mathfrak' in version `bold'
(Font)                  U/euf/m/n --> U/euf/b/n on input line 132.
))
(/usr/share/texmf/tex/latex/preprint/authblk.sty
Package: authblk 2001/02/27 1.3 (PWD)
\affilsep=\skip46
\@affilsep=\skip47
\c@Maxaffil=\count109
\c@authors=\count110
\c@affil=\count111
)
(/usr/share/texmf/tex/latex/graphics/graphicx.sty
Package: graphicx 1999/02/16 v1.0f Enhanced LaTeX Graphics (DPC,SPQR)

(/usr/share/texmf/tex/latex/graphics/graphics.sty
Package: graphics 2006/02/20 v1.0o Standard LaTeX Graphics (DPC,SPQR)

(/usr/share/texmf/tex/latex/graphics/trig.sty
Package: trig 1999/03/16 v1.09 sin cos tan (DPC)
)
(/usr/share/texmf/tex/latex/config/graphics.cfg
File: graphics.cfg 2007/01/18 v1.5 graphics configuration of teTeX/TeXLive
)
Package graphics Info: Driver file: pdftex.def on input line 90.

(/usr/share/texmf/tex/latex/pdftex-def/pdftex.def
File: pdftex.def 2007/01/08 v0.04d Graphics/color for pdfTeX
\Gread@gobject=\count112
))
\Gin@req@height=\dimen122
\Gin@req@width=\dimen123
) (./newclude.sty
Package: newclude 1999/11/02 v2 A new system for including files (Frankenstein'
s backbone)

(./moredefs.sty
Package: moredefs 2001/08/31 v1.8 more defining commands (Frankenstein's brain)

\sc@toks@a=\toks22
\sc@toks@b=\toks23
)
\nc@toks@a=\toks24
\c@IncludeDepth=\count113
) (./tag.sto) (/usr/share/texmf/tex/latex/hyperref/hyperref.sty
Package: hyperref 2007/02/07 v6.75r Hypertext links for LaTeX
\@linkdim=\dimen124
\Hy@linkcounter=\count114
\Hy@pagecounter=\count115
(/usr/share/texmf/tex/latex/hyperref/pd1enc.def
File: pd1enc.def 2007/02/07 v6.75r Hyperref: PDFDocEncoding definition (HO)
)
(/usr/share/texmf/tex/latex/config/hyperref.cfg
File: hyperref.cfg 2002/06/06 v1.2 hyperref configuration of TeXLive
)
(/usr/share/texmf/tex/latex/oberdiek/kvoptions.sty
Package: kvoptions 2006/08/22 v2.4 Connects package keyval with LaTeX options (
HO)
)
Package hyperref Info: Hyper figures OFF on input line 2288.
Package hyperref Info: Link nesting OFF on input line 2293.
Package hyperref Info: Hyper index ON on input line 2296.
Package hyperref Info: Plain pages OFF on input line 2303.
Package hyperref Info: Backreferencing OFF on input line 2308.

Implicit mode ON; LaTeX internals redefined
Package hyperref Info: Bookmarks ON on input line 2444.
(/usr/share/texmf/tex/latex/ltxmisc/url.sty
\Urlmuskip=\muskip11
Package: url 2005/06/27  ver 3.2  Verb mode for urls, etc.
)
LaTeX Info: Redefining \url on input line 2599.
\Fld@menulength=\count116
\Field@Width=\dimen125
\Fld@charsize=\dimen126
\Choice@toks=\toks25
\Field@toks=\toks26
Package hyperref Info: Hyper figures OFF on input line 3102.
Package hyperref Info: Link nesting OFF on input line 3107.
Package hyperref Info: Hyper index ON on input line 3110.
Package hyperref Info: backreferencing OFF on input line 3117.
Package hyperref Info: Link coloring OFF on input line 3122.
\Hy@abspage=\count117
\c@Item=\count118
\c@Hfootnote=\count119
)
*hyperref using default driver hpdftex*
(/usr/share/texmf/tex/latex/hyperref/hpdftex.def
File: hpdftex.def 2007/02/07 v6.75r Hyperref driver for pdfTeX
\Fld@listcount=\count120
)
(/usr/share/texmf/tex/latex/tools/array.sty
Package: array 2005/08/23 v2.4b Tabular extension package (FMi)
\col@sep=\dimen127
\extrarowheight=\dimen128
\NC@list=\toks27
\extratabsurround=\skip48
\backup@length=\skip49
) (./memHHbbww.aux)
\openout1 = `memHHbbww.aux'.

LaTeX Font Info:    Checking defaults for OML/cmm/m/it on input line 121.
LaTeX Font Info:    ... okay on input line 121.
LaTeX Font Info:    Checking defaults for T1/cmr/m/n on input line 121.
LaTeX Font Info:    ... okay on input line 121.
LaTeX Font Info:    Checking defaults for OT1/cmr/m/n on input line 121.
LaTeX Font Info:    ... okay on input line 121.
LaTeX Font Info:    Checking defaults for OMS/cmsy/m/n on input line 121.
LaTeX Font Info:    ... okay on input line 121.
LaTeX Font Info:    Checking defaults for OMX/cmex/m/n on input line 121.
LaTeX Font Info:    ... okay on input line 121.
LaTeX Font Info:    Checking defaults for U/cmr/m/n on input line 121.
LaTeX Font Info:    ... okay on input line 121.
LaTeX Font Info:    Checking defaults for PD1/pdf/m/n on input line 121.
LaTeX Font Info:    ... okay on input line 121.
-------------------- Geometry parameters
paper: a4paper
landscape: --
twocolumn: --
twoside: --
asymmetric: --
h-parts: 71.13188pt, 441.01775pt, 71.13188pt
v-parts: 71.13188pt, 702.78308pt, 71.13188pt
hmarginratio: --
vmarginratio: --
lines: --
heightrounded: --
bindingoffset: 14.22636pt
truedimen: --
includehead: --
includefoot: --
includemp: --
driver: pdftex
-------------------- Page layout dimensions and switches
\paperwidth  597.50787pt
\paperheight 845.04684pt
\textwidth  441.01775pt
\textheight 702.78308pt
\oddsidemargin  13.08826pt
\evensidemargin -1.1381pt
\topmargin  -38.1381pt
\headheight 12.0pt
\headsep    25.0pt
\footskip   28.45274pt
\marginparwidth 50.0pt
\marginparsep   10.0pt
\columnsep  10.0pt
\skip\footins  10.0pt plus 4.0pt minus 2.0pt
\hoffset 0.0pt
\voffset 0.0pt
\mag 1000

(1in=72.27pt, 1cm=28.45pt)
-----------------------

(/usr/share/texmf/tex/context/base/supp-pdf.tex
[Loading MPS to PDF converter (version 2006.09.02).]
\scratchcounter=\count121
\scratchdimen=\dimen129
\scratchbox=\box29
\nofMPsegments=\count122
\nofMParguments=\count123
\MPscratchCnt=\count124
\MPscratchDim=\dimen130
\MPnumerator=\count125
\everyMPtoPDFconversion=\toks28
)
Package hyperref Info: Link coloring OFF on input line 121.
 (/usr/share/texmf/tex/latex/hyperref/nameref.sty
Package: nameref 2006/12/27 v2.28 Cross-referencing by name of section

(/usr/share/texmf/tex/latex/oberdiek/refcount.sty
Package: refcount 2006/02/20 v3.0 Data extraction from references (HO)
)
\c@section@level=\count126
)
LaTeX Info: Redefining \ref on input line 121.
LaTeX Info: Redefining \pageref on input line 121.
 (./memHHbbww.out)
(./memHHbbww.out)
\@outlinefile=\write3
\openout3 = `memHHbbww.out'.

LaTeX Font Info:    Try loading font information for U+msa on input line 146.
 (/usr/share/texmf/tex/latex/amsfonts/umsa.fd
File: umsa.fd 2002/01/19 v2.2g AMS font definitions
)
LaTeX Font Info:    Try loading font information for U+msb on input line 146.

(/usr/share/texmf/tex/latex/amsfonts/umsb.fd
File: umsb.fd 2002/01/19 v2.2g AMS font definitions
) [1

{/usr/share/texmf/fonts/map/pdftex/updmap/pdftex.map}] (./mem.tex [2

] [3]
Overfull \hbox (11.2453pt too wide) in paragraph at lines 142--160
[]\OT1/cmr/m/n/10.95 For the pur-pose of elim-i-nat-ing the trans-verse mo-men-
tum com-po-nents of the four-dimensional
 []

[4] [5] [6] [7] [8] [9]) (./appendix.tex [10]
Overfull \hbox (33.14293pt too wide) in paragraph at lines 35--40
\OT1/cmr/m/n/10.95 The func-tion $\OML/cmm/m/it/10.95 f\OT1/cmr/m/n/10.95 (\OML
/cmm/m/it/10.95 E; ^^R; ^^^\OT1/cmr/m/n/10.95 )$ en-sures that the TF sat-isfy 
the nor-mal-iza-tion con-di-tion $[]  \OML/cmm/m/it/10.95 d[]\OML/cmm/b/it/10.9
5 p \OT1/cmr/m/n/10.95 
(\OML/cmm/b/it/10.95 p\OT1/cmr/m/n/10.95 ) \OML/cmm/m/it/10.95 W\OT1/cmr/m/n/10
.95 (\OML/cmm/b/it/10.95 p\OMS/cmsy/m/n/10.95 j[]\OT1/cmr/m/n/10.95 ) =
 []


Package hyperref Warning: Token not allowed in a PDFDocEncoded string,
(hyperref)                removing `math shift' on input line 83.


Package hyperref Warning: Token not allowed in a PDFDocEncoded string,
(hyperref)                removing `math shift' on input line 83.


Package hyperref Warning: Token not allowed in a PDFDocEncoded string,
(hyperref)                removing `\<def>-command' on input line 83.


Package hyperref Warning: Token not allowed in a PDFDocEncoded string,
(hyperref)                removing `\@itcode' on input line 83.


Package hyperref Warning: Token not allowed in a PDFDocEncoded string,
(hyperref)                removing `\<def>-command' on input line 83.


Package hyperref Warning: Token not allowed in a PDFDocEncoded string,
(hyperref)                removing `\@slcode' on input line 83.


Package hyperref Warning: Token not allowed in a PDFDocEncoded string,
(hyperref)                removing `\<def>-command' on input line 83.


Package hyperref Warning: Token not allowed in a PDFDocEncoded string,
(hyperref)                removing `\@sfcode' on input line 83.


Package hyperref Warning: Token not allowed in a PDFDocEncoded string,
(hyperref)                removing `\<def>-command' on input line 83.


Package hyperref Warning: Token not allowed in a PDFDocEncoded string,
(hyperref)                removing `\@upcode' on input line 83.


Package hyperref Warning: Token not allowed in a PDFDocEncoded string,
(hyperref)                removing `math shift' on input line 83.


Package hyperref Warning: Token not allowed in a PDFDocEncoded string,
(hyperref)                removing `math shift' on input line 83.


Package hyperref Warning: Token not allowed in a PDFDocEncoded string,
(hyperref)                removing `math shift' on input line 83.


Package hyperref Warning: Token not allowed in a PDFDocEncoded string,
(hyperref)                removing `math shift' on input line 83.


Package hyperref Warning: Token not allowed in a PDFDocEncoded string,
(hyperref)                removing `\<def>-command' on input line 83.


Package hyperref Warning: Token not allowed in a PDFDocEncoded string,
(hyperref)                removing `\@itcode' on input line 83.


Package hyperref Warning: Token not allowed in a PDFDocEncoded string,
(hyperref)                removing `\<def>-command' on input line 83.


Package hyperref Warning: Token not allowed in a PDFDocEncoded string,
(hyperref)                removing `\@slcode' on input line 83.


Package hyperref Warning: Token not allowed in a PDFDocEncoded string,
(hyperref)                removing `\<def>-command' on input line 83.


Package hyperref Warning: Token not allowed in a PDFDocEncoded string,
(hyperref)                removing `\@sfcode' on input line 83.


Package hyperref Warning: Token not allowed in a PDFDocEncoded string,
(hyperref)                removing `\<def>-command' on input line 83.


Package hyperref Warning: Token not allowed in a PDFDocEncoded string,
(hyperref)                removing `\@upcode' on input line 83.


Package hyperref Warning: Token not allowed in a PDFDocEncoded string,
(hyperref)                removing `math shift' on input line 83.


Package hyperref Warning: Token not allowed in a PDFDocEncoded string,
(hyperref)                removing `\to' on input line 83.


Package hyperref Warning: Token not allowed in a PDFDocEncoded string,
(hyperref)                removing `math shift' on input line 83.


Package hyperref Warning: Token not allowed in a PDFDocEncoded string,
(hyperref)                removing `\<def>-command' on input line 83.


Package hyperref Warning: Token not allowed in a PDFDocEncoded string,
(hyperref)                removing `\@itcode' on input line 83.


Package hyperref Warning: Token not allowed in a PDFDocEncoded string,
(hyperref)                removing `\<def>-command' on input line 83.


Package hyperref Warning: Token not allowed in a PDFDocEncoded string,
(hyperref)                removing `\@slcode' on input line 83.


Package hyperref Warning: Token not allowed in a PDFDocEncoded string,
(hyperref)                removing `\<def>-command' on input line 83.


Package hyperref Warning: Token not allowed in a PDFDocEncoded string,
(hyperref)                removing `\@sfcode' on input line 83.


Package hyperref Warning: Token not allowed in a PDFDocEncoded string,
(hyperref)                removing `\<def>-command' on input line 83.


Package hyperref Warning: Token not allowed in a PDFDocEncoded string,
(hyperref)                removing `\@upcode' on input line 83.


Package hyperref Warning: Token not allowed in a PDFDocEncoded string,
(hyperref)                removing `math shift' on input line 83.


Package hyperref Warning: Token not allowed in a PDFDocEncoded string,
(hyperref)                removing `math shift' on input line 83.


Package hyperref Warning: Token not allowed in a PDFDocEncoded string,
(hyperref)                removing `\<def>-command' on input line 83.


Package hyperref Warning: Token not allowed in a PDFDocEncoded string,
(hyperref)                removing `\@itcode' on input line 83.


Package hyperref Warning: Token not allowed in a PDFDocEncoded string,
(hyperref)                removing `\<def>-command' on input line 83.


Package hyperref Warning: Token not allowed in a PDFDocEncoded string,
(hyperref)                removing `\@slcode' on input line 83.


Package hyperref Warning: Token not allowed in a PDFDocEncoded string,
(hyperref)                removing `\<def>-command' on input line 83.


Package hyperref Warning: Token not allowed in a PDFDocEncoded string,
(hyperref)                removing `\@sfcode' on input line 83.


Package hyperref Warning: Token not allowed in a PDFDocEncoded string,
(hyperref)                removing `\<def>-command' on input line 83.


Package hyperref Warning: Token not allowed in a PDFDocEncoded string,
(hyperref)                removing `\@upcode' on input line 83.


Package hyperref Warning: Token not allowed in a PDFDocEncoded string,
(hyperref)                removing `math shift' on input line 83.


Package hyperref Warning: Token not allowed in a PDFDocEncoded string,
(hyperref)                removing `math shift' on input line 83.

[11]

Package hyperref Warning: Token not allowed in a PDFDocEncoded string,
(hyperref)                removing `math shift' on input line 126.


Package hyperref Warning: Token not allowed in a PDFDocEncoded string,
(hyperref)                removing `math shift' on input line 126.


Package hyperref Warning: Token not allowed in a PDFDocEncoded string,
(hyperref)                removing `\<def>-command' on input line 126.


Package hyperref Warning: Token not allowed in a PDFDocEncoded string,
(hyperref)                removing `\@itcode' on input line 126.


Package hyperref Warning: Token not allowed in a PDFDocEncoded string,
(hyperref)                removing `\<def>-command' on input line 126.


Package hyperref Warning: Token not allowed in a PDFDocEncoded string,
(hyperref)                removing `\@slcode' on input line 126.


Package hyperref Warning: Token not allowed in a PDFDocEncoded string,
(hyperref)                removing `\<def>-command' on input line 126.


Package hyperref Warning: Token not allowed in a PDFDocEncoded string,
(hyperref)                removing `\@sfcode' on input line 126.


Package hyperref Warning: Token not allowed in a PDFDocEncoded string,
(hyperref)                removing `\<def>-command' on input line 126.


Package hyperref Warning: Token not allowed in a PDFDocEncoded string,
(hyperref)                removing `\@upcode' on input line 126.


Package hyperref Warning: Token not allowed in a PDFDocEncoded string,
(hyperref)                removing `\<def>-command' on input line 126.


Package hyperref Warning: Token not allowed in a PDFDocEncoded string,
(hyperref)                removing `\@bfcode' on input line 126.


Package hyperref Warning: Token not allowed in a PDFDocEncoded string,
(hyperref)                removing `\nu' on input line 126.


Package hyperref Warning: Token not allowed in a PDFDocEncoded string,
(hyperref)                removing `subscript' on input line 126.


Package hyperref Warning: Token not allowed in a PDFDocEncoded string,
(hyperref)                removing `math shift' on input line 126.


Package hyperref Warning: Token not allowed in a PDFDocEncoded string,
(hyperref)                removing `\<def>-command' on input line 126.


Package hyperref Warning: Token not allowed in a PDFDocEncoded string,
(hyperref)                removing `\@sfcode' on input line 126.


Package hyperref Warning: Token not allowed in a PDFDocEncoded string,
(hyperref)                removing `\mskip' on input line 126.


Package hyperref Warning: Token not allowed in a PDFDocEncoded string,
(hyperref)                removing `math shift' on input line 126.


Package hyperref Warning: Token not allowed in a PDFDocEncoded string,
(hyperref)                removing `\scriptstyle' on input line 126.


Package hyperref Warning: Token not allowed in a PDFDocEncoded string,
(hyperref)                removing `superscript' on input line 126.


Package hyperref Warning: Token not allowed in a PDFDocEncoded string,
(hyperref)                removing `math shift' on input line 126.


Package hyperref Warning: Token not allowed in a PDFDocEncoded string,
(hyperref)                removing `\<def>-command' on input line 126.


Package hyperref Warning: Token not allowed in a PDFDocEncoded string,
(hyperref)                removing `\@sfcode' on input line 126.


Package hyperref Warning: Token not allowed in a PDFDocEncoded string,
(hyperref)                removing `\mskip' on input line 126.


Package hyperref Warning: Token not allowed in a PDFDocEncoded string,
(hyperref)                removing `math shift' on input line 126.


Package hyperref Warning: Token not allowed in a PDFDocEncoded string,
(hyperref)                removing `\scriptstyle' on input line 126.


Package hyperref Warning: Token not allowed in a PDFDocEncoded string,
(hyperref)                removing `math shift' on input line 126.


Package hyperref Warning: Token not allowed in a PDFDocEncoded string,
(hyperref)                removing `math shift' on input line 126.


Package hyperref Warning: Token not allowed in a PDFDocEncoded string,
(hyperref)                removing `math shift' on input line 126.


Package hyperref Warning: Token not allowed in a PDFDocEncoded string,
(hyperref)                removing `math shift' on input line 126.


Package hyperref Warning: Token not allowed in a PDFDocEncoded string,
(hyperref)                removing `\<def>-command' on input line 126.


Package hyperref Warning: Token not allowed in a PDFDocEncoded string,
(hyperref)                removing `\@itcode' on input line 126.


Package hyperref Warning: Token not allowed in a PDFDocEncoded string,
(hyperref)                removing `\<def>-command' on input line 126.


Package hyperref Warning: Token not allowed in a PDFDocEncoded string,
(hyperref)                removing `\@slcode' on input line 126.


Package hyperref Warning: Token not allowed in a PDFDocEncoded string,
(hyperref)                removing `\<def>-command' on input line 126.


Package hyperref Warning: Token not allowed in a PDFDocEncoded string,
(hyperref)                removing `\@sfcode' on input line 126.


Package hyperref Warning: Token not allowed in a PDFDocEncoded string,
(hyperref)                removing `\<def>-command' on input line 126.


Package hyperref Warning: Token not allowed in a PDFDocEncoded string,
(hyperref)                removing `\@upcode' on input line 126.


Package hyperref Warning: Token not allowed in a PDFDocEncoded string,
(hyperref)                removing `math shift' on input line 126.


Package hyperref Warning: Token not allowed in a PDFDocEncoded string,
(hyperref)                removing `\to' on input line 126.


Package hyperref Warning: Token not allowed in a PDFDocEncoded string,
(hyperref)                removing `math shift' on input line 126.


Package hyperref Warning: Token not allowed in a PDFDocEncoded string,
(hyperref)                removing `math shift' on input line 126.


Package hyperref Warning: Token not allowed in a PDFDocEncoded string,
(hyperref)                removing `\ell' on input line 126.


Package hyperref Warning: Token not allowed in a PDFDocEncoded string,
(hyperref)                removing `math shift' on input line 126.


Package hyperref Warning: Token not allowed in a PDFDocEncoded string,
(hyperref)                removing `math shift' on input line 126.


Package hyperref Warning: Token not allowed in a PDFDocEncoded string,
(hyperref)                removing `\<def>-command' on input line 126.


Package hyperref Warning: Token not allowed in a PDFDocEncoded string,
(hyperref)                removing `\@itcode' on input line 126.


Package hyperref Warning: Token not allowed in a PDFDocEncoded string,
(hyperref)                removing `\<def>-command' on input line 126.


Package hyperref Warning: Token not allowed in a PDFDocEncoded string,
(hyperref)                removing `\@slcode' on input line 126.


Package hyperref Warning: Token not allowed in a PDFDocEncoded string,
(hyperref)                removing `\<def>-command' on input line 126.


Package hyperref Warning: Token not allowed in a PDFDocEncoded string,
(hyperref)                removing `\@sfcode' on input line 126.


Package hyperref Warning: Token not allowed in a PDFDocEncoded string,
(hyperref)                removing `\<def>-command' on input line 126.


Package hyperref Warning: Token not allowed in a PDFDocEncoded string,
(hyperref)                removing `\@upcode' on input line 126.


Package hyperref Warning: Token not allowed in a PDFDocEncoded string,
(hyperref)                removing `\<def>-command' on input line 126.


Package hyperref Warning: Token not allowed in a PDFDocEncoded string,
(hyperref)                removing `\@bfcode' on input line 126.


Package hyperref Warning: Token not allowed in a PDFDocEncoded string,
(hyperref)                removing `\nu' on input line 126.


Package hyperref Warning: Token not allowed in a PDFDocEncoded string,
(hyperref)                removing `subscript' on input line 126.


Package hyperref Warning: Token not allowed in a PDFDocEncoded string,
(hyperref)                removing `math shift' on input line 126.


Package hyperref Warning: Token not allowed in a PDFDocEncoded string,
(hyperref)                removing `\<def>-command' on input line 126.


Package hyperref Warning: Token not allowed in a PDFDocEncoded string,
(hyperref)                removing `\@sfcode' on input line 126.


Package hyperref Warning: Token not allowed in a PDFDocEncoded string,
(hyperref)                removing `\mskip' on input line 126.


Package hyperref Warning: Token not allowed in a PDFDocEncoded string,
(hyperref)                removing `math shift' on input line 126.


Package hyperref Warning: Token not allowed in a PDFDocEncoded string,
(hyperref)                removing `\scriptstyle' on input line 126.


Package hyperref Warning: Token not allowed in a PDFDocEncoded string,
(hyperref)                removing `superscript' on input line 126.


Package hyperref Warning: Token not allowed in a PDFDocEncoded string,
(hyperref)                removing `math shift' on input line 126.


Package hyperref Warning: Token not allowed in a PDFDocEncoded string,
(hyperref)                removing `\<def>-command' on input line 126.


Package hyperref Warning: Token not allowed in a PDFDocEncoded string,
(hyperref)                removing `\@sfcode' on input line 126.


Package hyperref Warning: Token not allowed in a PDFDocEncoded string,
(hyperref)                removing `\mskip' on input line 126.


Package hyperref Warning: Token not allowed in a PDFDocEncoded string,
(hyperref)                removing `math shift' on input line 126.


Package hyperref Warning: Token not allowed in a PDFDocEncoded string,
(hyperref)                removing `\scriptstyle' on input line 126.


Package hyperref Warning: Token not allowed in a PDFDocEncoded string,
(hyperref)                removing `math shift' on input line 126.


Package hyperref Warning: Token not allowed in a PDFDocEncoded string,
(hyperref)                removing `math shift' on input line 126.


Package hyperref Warning: Token not allowed in a PDFDocEncoded string,
(hyperref)                removing `math shift' on input line 126.


Package hyperref Warning: Token not allowed in a PDFDocEncoded string,
(hyperref)                removing `math shift' on input line 162.


Package hyperref Warning: Token not allowed in a PDFDocEncoded string,
(hyperref)                removing `math shift' on input line 162.


Package hyperref Warning: Token not allowed in a PDFDocEncoded string,
(hyperref)                removing `\<def>-command' on input line 162.


Package hyperref Warning: Token not allowed in a PDFDocEncoded string,
(hyperref)                removing `\@itcode' on input line 162.


Package hyperref Warning: Token not allowed in a PDFDocEncoded string,
(hyperref)                removing `\<def>-command' on input line 162.


Package hyperref Warning: Token not allowed in a PDFDocEncoded string,
(hyperref)                removing `\@slcode' on input line 162.


Package hyperref Warning: Token not allowed in a PDFDocEncoded string,
(hyperref)                removing `\<def>-command' on input line 162.


Package hyperref Warning: Token not allowed in a PDFDocEncoded string,
(hyperref)                removing `\@sfcode' on input line 162.


Package hyperref Warning: Token not allowed in a PDFDocEncoded string,
(hyperref)                removing `\<def>-command' on input line 162.


Package hyperref Warning: Token not allowed in a PDFDocEncoded string,
(hyperref)                removing `\@upcode' on input line 162.


Package hyperref Warning: Token not allowed in a PDFDocEncoded string,
(hyperref)                removing `\<def>-command' on input line 162.


Package hyperref Warning: Token not allowed in a PDFDocEncoded string,
(hyperref)                removing `\@bfcode' on input line 162.


Package hyperref Warning: Token not allowed in a PDFDocEncoded string,
(hyperref)                removing `\nu' on input line 162.


Package hyperref Warning: Token not allowed in a PDFDocEncoded string,
(hyperref)                removing `subscript' on input line 162.


Package hyperref Warning: Token not allowed in a PDFDocEncoded string,
(hyperref)                removing `math shift' on input line 162.


Package hyperref Warning: Token not allowed in a PDFDocEncoded string,
(hyperref)                removing `\<def>-command' on input line 162.


Package hyperref Warning: Token not allowed in a PDFDocEncoded string,
(hyperref)                removing `\@sfcode' on input line 162.


Package hyperref Warning: Token not allowed in a PDFDocEncoded string,
(hyperref)                removing `\mskip' on input line 162.


Package hyperref Warning: Token not allowed in a PDFDocEncoded string,
(hyperref)                removing `math shift' on input line 162.


Package hyperref Warning: Token not allowed in a PDFDocEncoded string,
(hyperref)                removing `\scriptstyle' on input line 162.


Package hyperref Warning: Token not allowed in a PDFDocEncoded string,
(hyperref)                removing `superscript' on input line 162.


Package hyperref Warning: Token not allowed in a PDFDocEncoded string,
(hyperref)                removing `math shift' on input line 162.


Package hyperref Warning: Token not allowed in a PDFDocEncoded string,
(hyperref)                removing `\<def>-command' on input line 162.


Package hyperref Warning: Token not allowed in a PDFDocEncoded string,
(hyperref)                removing `\@sfcode' on input line 162.


Package hyperref Warning: Token not allowed in a PDFDocEncoded string,
(hyperref)                removing `\mskip' on input line 162.


Package hyperref Warning: Token not allowed in a PDFDocEncoded string,
(hyperref)                removing `math shift' on input line 162.


Package hyperref Warning: Token not allowed in a PDFDocEncoded string,
(hyperref)                removing `\scriptstyle' on input line 162.


Package hyperref Warning: Token not allowed in a PDFDocEncoded string,
(hyperref)                removing `math shift' on input line 162.


Package hyperref Warning: Token not allowed in a PDFDocEncoded string,
(hyperref)                removing `superscript' on input line 162.


Package hyperref Warning: Token not allowed in a PDFDocEncoded string,
(hyperref)                removing `\ast' on input line 162.


Package hyperref Warning: Token not allowed in a PDFDocEncoded string,
(hyperref)                removing `math shift' on input line 162.


Package hyperref Warning: Token not allowed in a PDFDocEncoded string,
(hyperref)                removing `math shift' on input line 162.


Package hyperref Warning: Token not allowed in a PDFDocEncoded string,
(hyperref)                removing `math shift' on input line 162.


Package hyperref Warning: Token not allowed in a PDFDocEncoded string,
(hyperref)                removing `\<def>-command' on input line 162.


Package hyperref Warning: Token not allowed in a PDFDocEncoded string,
(hyperref)                removing `\@itcode' on input line 162.


Package hyperref Warning: Token not allowed in a PDFDocEncoded string,
(hyperref)                removing `\<def>-command' on input line 162.


Package hyperref Warning: Token not allowed in a PDFDocEncoded string,
(hyperref)                removing `\@slcode' on input line 162.


Package hyperref Warning: Token not allowed in a PDFDocEncoded string,
(hyperref)                removing `\<def>-command' on input line 162.


Package hyperref Warning: Token not allowed in a PDFDocEncoded string,
(hyperref)                removing `\@sfcode' on input line 162.


Package hyperref Warning: Token not allowed in a PDFDocEncoded string,
(hyperref)                removing `\<def>-command' on input line 162.


Package hyperref Warning: Token not allowed in a PDFDocEncoded string,
(hyperref)                removing `\@upcode' on input line 162.


Package hyperref Warning: Token not allowed in a PDFDocEncoded string,
(hyperref)                removing `math shift' on input line 162.


Package hyperref Warning: Token not allowed in a PDFDocEncoded string,
(hyperref)                removing `\to' on input line 162.


Package hyperref Warning: Token not allowed in a PDFDocEncoded string,
(hyperref)                removing `math shift' on input line 162.


Package hyperref Warning: Token not allowed in a PDFDocEncoded string,
(hyperref)                removing `\<def>-command' on input line 162.


Package hyperref Warning: Token not allowed in a PDFDocEncoded string,
(hyperref)                removing `\@itcode' on input line 162.


Package hyperref Warning: Token not allowed in a PDFDocEncoded string,
(hyperref)                removing `\<def>-command' on input line 162.


Package hyperref Warning: Token not allowed in a PDFDocEncoded string,
(hyperref)                removing `\@slcode' on input line 162.


Package hyperref Warning: Token not allowed in a PDFDocEncoded string,
(hyperref)                removing `\<def>-command' on input line 162.


Package hyperref Warning: Token not allowed in a PDFDocEncoded string,
(hyperref)                removing `\@sfcode' on input line 162.


Package hyperref Warning: Token not allowed in a PDFDocEncoded string,
(hyperref)                removing `\<def>-command' on input line 162.


Package hyperref Warning: Token not allowed in a PDFDocEncoded string,
(hyperref)                removing `\@upcode' on input line 162.


Package hyperref Warning: Token not allowed in a PDFDocEncoded string,
(hyperref)                removing `math shift' on input line 162.


Package hyperref Warning: Token not allowed in a PDFDocEncoded string,
(hyperref)                removing `math shift' on input line 162.


Package hyperref Warning: Token not allowed in a PDFDocEncoded string,
(hyperref)                removing `\<def>-command' on input line 162.


Package hyperref Warning: Token not allowed in a PDFDocEncoded string,
(hyperref)                removing `\@itcode' on input line 162.


Package hyperref Warning: Token not allowed in a PDFDocEncoded string,
(hyperref)                removing `\<def>-command' on input line 162.


Package hyperref Warning: Token not allowed in a PDFDocEncoded string,
(hyperref)                removing `\@slcode' on input line 162.


Package hyperref Warning: Token not allowed in a PDFDocEncoded string,
(hyperref)                removing `\<def>-command' on input line 162.


Package hyperref Warning: Token not allowed in a PDFDocEncoded string,
(hyperref)                removing `\@sfcode' on input line 162.


Package hyperref Warning: Token not allowed in a PDFDocEncoded string,
(hyperref)                removing `\<def>-command' on input line 162.


Package hyperref Warning: Token not allowed in a PDFDocEncoded string,
(hyperref)                removing `\@upcode' on input line 162.


Package hyperref Warning: Token not allowed in a PDFDocEncoded string,
(hyperref)                removing `math shift' on input line 162.


Package hyperref Warning: Token not allowed in a PDFDocEncoded string,
(hyperref)                removing `superscript' on input line 162.


Package hyperref Warning: Token not allowed in a PDFDocEncoded string,
(hyperref)                removing `\ast' on input line 162.


Package hyperref Warning: Token not allowed in a PDFDocEncoded string,
(hyperref)                removing `\to' on input line 162.


Package hyperref Warning: Token not allowed in a PDFDocEncoded string,
(hyperref)                removing `math shift' on input line 162.


Package hyperref Warning: Token not allowed in a PDFDocEncoded string,
(hyperref)                removing `math shift' on input line 162.


Package hyperref Warning: Token not allowed in a PDFDocEncoded string,
(hyperref)                removing `\ell' on input line 162.


Package hyperref Warning: Token not allowed in a PDFDocEncoded string,
(hyperref)                removing `math shift' on input line 162.


Package hyperref Warning: Token not allowed in a PDFDocEncoded string,
(hyperref)                removing `math shift' on input line 162.


Package hyperref Warning: Token not allowed in a PDFDocEncoded string,
(hyperref)                removing `\<def>-command' on input line 162.


Package hyperref Warning: Token not allowed in a PDFDocEncoded string,
(hyperref)                removing `\@itcode' on input line 162.


Package hyperref Warning: Token not allowed in a PDFDocEncoded string,
(hyperref)                removing `\<def>-command' on input line 162.


Package hyperref Warning: Token not allowed in a PDFDocEncoded string,
(hyperref)                removing `\@slcode' on input line 162.


Package hyperref Warning: Token not allowed in a PDFDocEncoded string,
(hyperref)                removing `\<def>-command' on input line 162.


Package hyperref Warning: Token not allowed in a PDFDocEncoded string,
(hyperref)                removing `\@sfcode' on input line 162.


Package hyperref Warning: Token not allowed in a PDFDocEncoded string,
(hyperref)                removing `\<def>-command' on input line 162.


Package hyperref Warning: Token not allowed in a PDFDocEncoded string,
(hyperref)                removing `\@upcode' on input line 162.


Package hyperref Warning: Token not allowed in a PDFDocEncoded string,
(hyperref)                removing `\<def>-command' on input line 162.


Package hyperref Warning: Token not allowed in a PDFDocEncoded string,
(hyperref)                removing `\@bfcode' on input line 162.


Package hyperref Warning: Token not allowed in a PDFDocEncoded string,
(hyperref)                removing `\nu' on input line 162.


Package hyperref Warning: Token not allowed in a PDFDocEncoded string,
(hyperref)                removing `subscript' on input line 162.


Package hyperref Warning: Token not allowed in a PDFDocEncoded string,
(hyperref)                removing `math shift' on input line 162.


Package hyperref Warning: Token not allowed in a PDFDocEncoded string,
(hyperref)                removing `\<def>-command' on input line 162.


Package hyperref Warning: Token not allowed in a PDFDocEncoded string,
(hyperref)                removing `\@sfcode' on input line 162.


Package hyperref Warning: Token not allowed in a PDFDocEncoded string,
(hyperref)                removing `\mskip' on input line 162.


Package hyperref Warning: Token not allowed in a PDFDocEncoded string,
(hyperref)                removing `math shift' on input line 162.


Package hyperref Warning: Token not allowed in a PDFDocEncoded string,
(hyperref)                removing `\scriptstyle' on input line 162.


Package hyperref Warning: Token not allowed in a PDFDocEncoded string,
(hyperref)                removing `superscript' on input line 162.


Package hyperref Warning: Token not allowed in a PDFDocEncoded string,
(hyperref)                removing `math shift' on input line 162.


Package hyperref Warning: Token not allowed in a PDFDocEncoded string,
(hyperref)                removing `\<def>-command' on input line 162.


Package hyperref Warning: Token not allowed in a PDFDocEncoded string,
(hyperref)                removing `\@sfcode' on input line 162.


Package hyperref Warning: Token not allowed in a PDFDocEncoded string,
(hyperref)                removing `\mskip' on input line 162.


Package hyperref Warning: Token not allowed in a PDFDocEncoded string,
(hyperref)                removing `math shift' on input line 162.


Package hyperref Warning: Token not allowed in a PDFDocEncoded string,
(hyperref)                removing `\scriptstyle' on input line 162.


Package hyperref Warning: Token not allowed in a PDFDocEncoded string,
(hyperref)                removing `math shift' on input line 162.


Package hyperref Warning: Token not allowed in a PDFDocEncoded string,
(hyperref)                removing `math shift' on input line 162.


Package hyperref Warning: Token not allowed in a PDFDocEncoded string:
(hyperref)                \kern 1.8254pt
(hyperref)                removed on input line 162.


Package hyperref Warning: Token not allowed in a PDFDocEncoded string,
(hyperref)                removing `math shift' on input line 162.


Package hyperref Warning: Token not allowed in a PDFDocEncoded string,
(hyperref)                removing `math shift' on input line 162.


Package hyperref Warning: Token not allowed in a PDFDocEncoded string,
(hyperref)                removing `\ell' on input line 162.


Package hyperref Warning: Token not allowed in a PDFDocEncoded string,
(hyperref)                removing `math shift' on input line 162.


Package hyperref Warning: Token not allowed in a PDFDocEncoded string,
(hyperref)                removing `superscript' on input line 162.


Package hyperref Warning: Token not allowed in a PDFDocEncoded string,
(hyperref)                removing `\ast' on input line 162.


Package hyperref Warning: Token not allowed in a PDFDocEncoded string,
(hyperref)                removing `math shift' on input line 162.


Package hyperref Warning: Token not allowed in a PDFDocEncoded string,
(hyperref)                removing `\<def>-command' on input line 162.


Package hyperref Warning: Token not allowed in a PDFDocEncoded string,
(hyperref)                removing `\@itcode' on input line 162.


Package hyperref Warning: Token not allowed in a PDFDocEncoded string,
(hyperref)                removing `\<def>-command' on input line 162.


Package hyperref Warning: Token not allowed in a PDFDocEncoded string,
(hyperref)                removing `\@slcode' on input line 162.


Package hyperref Warning: Token not allowed in a PDFDocEncoded string,
(hyperref)                removing `\<def>-command' on input line 162.


Package hyperref Warning: Token not allowed in a PDFDocEncoded string,
(hyperref)                removing `\@sfcode' on input line 162.


Package hyperref Warning: Token not allowed in a PDFDocEncoded string,
(hyperref)                removing `\<def>-command' on input line 162.


Package hyperref Warning: Token not allowed in a PDFDocEncoded string,
(hyperref)                removing `\@upcode' on input line 162.


Package hyperref Warning: Token not allowed in a PDFDocEncoded string,
(hyperref)                removing `\<def>-command' on input line 162.


Package hyperref Warning: Token not allowed in a PDFDocEncoded string,
(hyperref)                removing `\@bfcode' on input line 162.


Package hyperref Warning: Token not allowed in a PDFDocEncoded string,
(hyperref)                removing `\nu' on input line 162.


Package hyperref Warning: Token not allowed in a PDFDocEncoded string,
(hyperref)                removing `subscript' on input line 162.


Package hyperref Warning: Token not allowed in a PDFDocEncoded string,
(hyperref)                removing `math shift' on input line 162.


Package hyperref Warning: Token not allowed in a PDFDocEncoded string,
(hyperref)                removing `\<def>-command' on input line 162.


Package hyperref Warning: Token not allowed in a PDFDocEncoded string,
(hyperref)                removing `\@sfcode' on input line 162.


Package hyperref Warning: Token not allowed in a PDFDocEncoded string,
(hyperref)                removing `\mskip' on input line 162.


Package hyperref Warning: Token not allowed in a PDFDocEncoded string,
(hyperref)                removing `math shift' on input line 162.


Package hyperref Warning: Token not allowed in a PDFDocEncoded string,
(hyperref)                removing `\scriptstyle' on input line 162.


Package hyperref Warning: Token not allowed in a PDFDocEncoded string,
(hyperref)                removing `superscript' on input line 162.


Package hyperref Warning: Token not allowed in a PDFDocEncoded string,
(hyperref)                removing `math shift' on input line 162.


Package hyperref Warning: Token not allowed in a PDFDocEncoded string,
(hyperref)                removing `\<def>-command' on input line 162.


Package hyperref Warning: Token not allowed in a PDFDocEncoded string,
(hyperref)                removing `\@sfcode' on input line 162.


Package hyperref Warning: Token not allowed in a PDFDocEncoded string,
(hyperref)                removing `\mskip' on input line 162.


Package hyperref Warning: Token not allowed in a PDFDocEncoded string,
(hyperref)                removing `math shift' on input line 162.


Package hyperref Warning: Token not allowed in a PDFDocEncoded string,
(hyperref)                removing `\scriptstyle' on input line 162.


Package hyperref Warning: Token not allowed in a PDFDocEncoded string,
(hyperref)                removing `math shift' on input line 162.


Package hyperref Warning: Token not allowed in a PDFDocEncoded string,
(hyperref)                removing `superscript' on input line 162.


Package hyperref Warning: Token not allowed in a PDFDocEncoded string,
(hyperref)                removing `\ast' on input line 162.


Package hyperref Warning: Token not allowed in a PDFDocEncoded string,
(hyperref)                removing `math shift' on input line 162.


Package hyperref Warning: Token not allowed in a PDFDocEncoded string,
(hyperref)                removing `math shift' on input line 162.

[12]

Package hyperref Warning: Token not allowed in a PDFDocEncoded string,
(hyperref)                removing `math shift' on input line 209.


Package hyperref Warning: Token not allowed in a PDFDocEncoded string,
(hyperref)                removing `math shift' on input line 209.


Package hyperref Warning: Token not allowed in a PDFDocEncoded string,
(hyperref)                removing `\<def>-command' on input line 209.


Package hyperref Warning: Token not allowed in a PDFDocEncoded string,
(hyperref)                removing `\@itcode' on input line 209.


Package hyperref Warning: Token not allowed in a PDFDocEncoded string,
(hyperref)                removing `\<def>-command' on input line 209.


Package hyperref Warning: Token not allowed in a PDFDocEncoded string,
(hyperref)                removing `\@slcode' on input line 209.


Package hyperref Warning: Token not allowed in a PDFDocEncoded string,
(hyperref)                removing `\<def>-command' on input line 209.


Package hyperref Warning: Token not allowed in a PDFDocEncoded string,
(hyperref)                removing `\@sfcode' on input line 209.


Package hyperref Warning: Token not allowed in a PDFDocEncoded string,
(hyperref)                removing `\<def>-command' on input line 209.


Package hyperref Warning: Token not allowed in a PDFDocEncoded string,
(hyperref)                removing `\@upcode' on input line 209.


Package hyperref Warning: Token not allowed in a PDFDocEncoded string,
(hyperref)                removing `math shift' on input line 209.


Package hyperref Warning: Token not allowed in a PDFDocEncoded string,
(hyperref)                removing `math shift' on input line 209.


Package hyperref Warning: Token not allowed in a PDFDocEncoded string,
(hyperref)                removing `math shift' on input line 209.


Package hyperref Warning: Token not allowed in a PDFDocEncoded string,
(hyperref)                removing `math shift' on input line 209.


Package hyperref Warning: Token not allowed in a PDFDocEncoded string,
(hyperref)                removing `\<def>-command' on input line 209.


Package hyperref Warning: Token not allowed in a PDFDocEncoded string,
(hyperref)                removing `\@itcode' on input line 209.


Package hyperref Warning: Token not allowed in a PDFDocEncoded string,
(hyperref)                removing `\<def>-command' on input line 209.


Package hyperref Warning: Token not allowed in a PDFDocEncoded string,
(hyperref)                removing `\@slcode' on input line 209.


Package hyperref Warning: Token not allowed in a PDFDocEncoded string,
(hyperref)                removing `\<def>-command' on input line 209.


Package hyperref Warning: Token not allowed in a PDFDocEncoded string,
(hyperref)                removing `\@sfcode' on input line 209.


Package hyperref Warning: Token not allowed in a PDFDocEncoded string,
(hyperref)                removing `\<def>-command' on input line 209.


Package hyperref Warning: Token not allowed in a PDFDocEncoded string,
(hyperref)                removing `\@upcode' on input line 209.


Package hyperref Warning: Token not allowed in a PDFDocEncoded string,
(hyperref)                removing `math shift' on input line 209.


Package hyperref Warning: Token not allowed in a PDFDocEncoded string,
(hyperref)                removing `math shift' on input line 209.


Package hyperref Warning: Token not allowed in a PDFDocEncoded string,
(hyperref)                removing `math shift' on input line 209.


Package hyperref Warning: Token not allowed in a PDFDocEncoded string,
(hyperref)                removing `math shift' on input line 209.


Package hyperref Warning: Token not allowed in a PDFDocEncoded string,
(hyperref)                removing `\<def>-command' on input line 209.


Package hyperref Warning: Token not allowed in a PDFDocEncoded string,
(hyperref)                removing `\@itcode' on input line 209.


Package hyperref Warning: Token not allowed in a PDFDocEncoded string,
(hyperref)                removing `\<def>-command' on input line 209.


Package hyperref Warning: Token not allowed in a PDFDocEncoded string,
(hyperref)                removing `\@slcode' on input line 209.


Package hyperref Warning: Token not allowed in a PDFDocEncoded string,
(hyperref)                removing `\<def>-command' on input line 209.


Package hyperref Warning: Token not allowed in a PDFDocEncoded string,
(hyperref)                removing `\@sfcode' on input line 209.


Package hyperref Warning: Token not allowed in a PDFDocEncoded string,
(hyperref)                removing `\<def>-command' on input line 209.


Package hyperref Warning: Token not allowed in a PDFDocEncoded string,
(hyperref)                removing `\@upcode' on input line 209.


Package hyperref Warning: Token not allowed in a PDFDocEncoded string,
(hyperref)                removing `math shift' on input line 209.


Package hyperref Warning: Token not allowed in a PDFDocEncoded string,
(hyperref)                removing `\to' on input line 209.


Package hyperref Warning: Token not allowed in a PDFDocEncoded string,
(hyperref)                removing `math shift' on input line 209.


Package hyperref Warning: Token not allowed in a PDFDocEncoded string,
(hyperref)                removing `\<def>-command' on input line 209.


Package hyperref Warning: Token not allowed in a PDFDocEncoded string,
(hyperref)                removing `\@itcode' on input line 209.


Package hyperref Warning: Token not allowed in a PDFDocEncoded string,
(hyperref)                removing `\<def>-command' on input line 209.


Package hyperref Warning: Token not allowed in a PDFDocEncoded string,
(hyperref)                removing `\@slcode' on input line 209.


Package hyperref Warning: Token not allowed in a PDFDocEncoded string,
(hyperref)                removing `\<def>-command' on input line 209.


Package hyperref Warning: Token not allowed in a PDFDocEncoded string,
(hyperref)                removing `\@sfcode' on input line 209.


Package hyperref Warning: Token not allowed in a PDFDocEncoded string,
(hyperref)                removing `\<def>-command' on input line 209.


Package hyperref Warning: Token not allowed in a PDFDocEncoded string,
(hyperref)                removing `\@upcode' on input line 209.


Package hyperref Warning: Token not allowed in a PDFDocEncoded string,
(hyperref)                removing `math shift' on input line 209.


Package hyperref Warning: Token not allowed in a PDFDocEncoded string,
(hyperref)                removing `math shift' on input line 209.


Package hyperref Warning: Token not allowed in a PDFDocEncoded string,
(hyperref)                removing `\<def>-command' on input line 209.


Package hyperref Warning: Token not allowed in a PDFDocEncoded string,
(hyperref)                removing `\@itcode' on input line 209.


Package hyperref Warning: Token not allowed in a PDFDocEncoded string,
(hyperref)                removing `\<def>-command' on input line 209.


Package hyperref Warning: Token not allowed in a PDFDocEncoded string,
(hyperref)                removing `\@slcode' on input line 209.


Package hyperref Warning: Token not allowed in a PDFDocEncoded string,
(hyperref)                removing `\<def>-command' on input line 209.


Package hyperref Warning: Token not allowed in a PDFDocEncoded string,
(hyperref)                removing `\@sfcode' on input line 209.


Package hyperref Warning: Token not allowed in a PDFDocEncoded string,
(hyperref)                removing `\<def>-command' on input line 209.


Package hyperref Warning: Token not allowed in a PDFDocEncoded string,
(hyperref)                removing `\@upcode' on input line 209.


Package hyperref Warning: Token not allowed in a PDFDocEncoded string,
(hyperref)                removing `math shift' on input line 209.


Package hyperref Warning: Token not allowed in a PDFDocEncoded string,
(hyperref)                removing `superscript' on input line 209.


Package hyperref Warning: Token not allowed in a PDFDocEncoded string,
(hyperref)                removing `\to' on input line 209.


Package hyperref Warning: Token not allowed in a PDFDocEncoded string,
(hyperref)                removing `math shift' on input line 209.


Package hyperref Warning: Token not allowed in a PDFDocEncoded string,
(hyperref)                removing `\<def>-command' on input line 209.


Package hyperref Warning: Token not allowed in a PDFDocEncoded string,
(hyperref)                removing `\@itcode' on input line 209.


Package hyperref Warning: Token not allowed in a PDFDocEncoded string,
(hyperref)                removing `\<def>-command' on input line 209.


Package hyperref Warning: Token not allowed in a PDFDocEncoded string,
(hyperref)                removing `\@slcode' on input line 209.


Package hyperref Warning: Token not allowed in a PDFDocEncoded string,
(hyperref)                removing `\<def>-command' on input line 209.


Package hyperref Warning: Token not allowed in a PDFDocEncoded string,
(hyperref)                removing `\@sfcode' on input line 209.


Package hyperref Warning: Token not allowed in a PDFDocEncoded string,
(hyperref)                removing `\<def>-command' on input line 209.


Package hyperref Warning: Token not allowed in a PDFDocEncoded string,
(hyperref)                removing `\@upcode' on input line 209.


Package hyperref Warning: Token not allowed in a PDFDocEncoded string,
(hyperref)                removing `math shift' on input line 209.


Package hyperref Warning: Token not allowed in a PDFDocEncoded string,
(hyperref)                removing `math shift' on input line 209.


Package hyperref Warning: Token not allowed in a PDFDocEncoded string,
(hyperref)                removing `math shift' on input line 209.


Package hyperref Warning: Token not allowed in a PDFDocEncoded string,
(hyperref)                removing `\ell' on input line 209.


Package hyperref Warning: Token not allowed in a PDFDocEncoded string,
(hyperref)                removing `math shift' on input line 209.


Package hyperref Warning: Token not allowed in a PDFDocEncoded string,
(hyperref)                removing `superscript' on input line 209.


Package hyperref Warning: Token not allowed in a PDFDocEncoded string,
(hyperref)                removing `math shift' on input line 209.


Package hyperref Warning: Token not allowed in a PDFDocEncoded string,
(hyperref)                removing `\<def>-command' on input line 209.


Package hyperref Warning: Token not allowed in a PDFDocEncoded string,
(hyperref)                removing `\@itcode' on input line 209.


Package hyperref Warning: Token not allowed in a PDFDocEncoded string,
(hyperref)                removing `\<def>-command' on input line 209.


Package hyperref Warning: Token not allowed in a PDFDocEncoded string,
(hyperref)                removing `\@slcode' on input line 209.


Package hyperref Warning: Token not allowed in a PDFDocEncoded string,
(hyperref)                removing `\<def>-command' on input line 209.


Package hyperref Warning: Token not allowed in a PDFDocEncoded string,
(hyperref)                removing `\@sfcode' on input line 209.


Package hyperref Warning: Token not allowed in a PDFDocEncoded string,
(hyperref)                removing `\<def>-command' on input line 209.


Package hyperref Warning: Token not allowed in a PDFDocEncoded string,
(hyperref)                removing `\@upcode' on input line 209.


Package hyperref Warning: Token not allowed in a PDFDocEncoded string,
(hyperref)                removing `\<def>-command' on input line 209.


Package hyperref Warning: Token not allowed in a PDFDocEncoded string,
(hyperref)                removing `\@bfcode' on input line 209.


Package hyperref Warning: Token not allowed in a PDFDocEncoded string,
(hyperref)                removing `\nu' on input line 209.


Package hyperref Warning: Token not allowed in a PDFDocEncoded string,
(hyperref)                removing `subscript' on input line 209.


Package hyperref Warning: Token not allowed in a PDFDocEncoded string,
(hyperref)                removing `math shift' on input line 209.


Package hyperref Warning: Token not allowed in a PDFDocEncoded string,
(hyperref)                removing `\<def>-command' on input line 209.


Package hyperref Warning: Token not allowed in a PDFDocEncoded string,
(hyperref)                removing `\@sfcode' on input line 209.


Package hyperref Warning: Token not allowed in a PDFDocEncoded string,
(hyperref)                removing `\mskip' on input line 209.


Package hyperref Warning: Token not allowed in a PDFDocEncoded string,
(hyperref)                removing `math shift' on input line 209.


Package hyperref Warning: Token not allowed in a PDFDocEncoded string,
(hyperref)                removing `\scriptstyle' on input line 209.


Package hyperref Warning: Token not allowed in a PDFDocEncoded string,
(hyperref)                removing `superscript' on input line 209.


Package hyperref Warning: Token not allowed in a PDFDocEncoded string,
(hyperref)                removing `math shift' on input line 209.


Package hyperref Warning: Token not allowed in a PDFDocEncoded string,
(hyperref)                removing `\<def>-command' on input line 209.


Package hyperref Warning: Token not allowed in a PDFDocEncoded string,
(hyperref)                removing `\@sfcode' on input line 209.


Package hyperref Warning: Token not allowed in a PDFDocEncoded string,
(hyperref)                removing `\mskip' on input line 209.


Package hyperref Warning: Token not allowed in a PDFDocEncoded string,
(hyperref)                removing `math shift' on input line 209.


Package hyperref Warning: Token not allowed in a PDFDocEncoded string,
(hyperref)                removing `\scriptstyle' on input line 209.


Package hyperref Warning: Token not allowed in a PDFDocEncoded string,
(hyperref)                removing `math shift' on input line 209.


Package hyperref Warning: Token not allowed in a PDFDocEncoded string,
(hyperref)                removing `math shift' on input line 209.


Package hyperref Warning: Token not allowed in a PDFDocEncoded string,
(hyperref)                removing `math shift' on input line 209.


Package hyperref Warning: Token not allowed in a PDFDocEncoded string,
(hyperref)                removing `math shift' on input line 209.


Package hyperref Warning: Token not allowed in a PDFDocEncoded string,
(hyperref)                removing `math shift' on input line 209.


Package hyperref Warning: Token not allowed in a PDFDocEncoded string,
(hyperref)                removing `\<def>-command' on input line 209.


Package hyperref Warning: Token not allowed in a PDFDocEncoded string,
(hyperref)                removing `\@itcode' on input line 209.


Package hyperref Warning: Token not allowed in a PDFDocEncoded string,
(hyperref)                removing `\<def>-command' on input line 209.


Package hyperref Warning: Token not allowed in a PDFDocEncoded string,
(hyperref)                removing `\@slcode' on input line 209.


Package hyperref Warning: Token not allowed in a PDFDocEncoded string,
(hyperref)                removing `\<def>-command' on input line 209.


Package hyperref Warning: Token not allowed in a PDFDocEncoded string,
(hyperref)                removing `\@sfcode' on input line 209.


Package hyperref Warning: Token not allowed in a PDFDocEncoded string,
(hyperref)                removing `\<def>-command' on input line 209.


Package hyperref Warning: Token not allowed in a PDFDocEncoded string,
(hyperref)                removing `\@upcode' on input line 209.


Package hyperref Warning: Token not allowed in a PDFDocEncoded string,
(hyperref)                removing `math shift' on input line 209.


Package hyperref Warning: Token not allowed in a PDFDocEncoded string,
(hyperref)                removing `\to' on input line 209.


Package hyperref Warning: Token not allowed in a PDFDocEncoded string,
(hyperref)                removing `math shift' on input line 209.


Package hyperref Warning: Token not allowed in a PDFDocEncoded string,
(hyperref)                removing `\<def>-command' on input line 209.


Package hyperref Warning: Token not allowed in a PDFDocEncoded string,
(hyperref)                removing `\@itcode' on input line 209.


Package hyperref Warning: Token not allowed in a PDFDocEncoded string,
(hyperref)                removing `\<def>-command' on input line 209.


Package hyperref Warning: Token not allowed in a PDFDocEncoded string,
(hyperref)                removing `\@slcode' on input line 209.


Package hyperref Warning: Token not allowed in a PDFDocEncoded string,
(hyperref)                removing `\<def>-command' on input line 209.


Package hyperref Warning: Token not allowed in a PDFDocEncoded string,
(hyperref)                removing `\@sfcode' on input line 209.


Package hyperref Warning: Token not allowed in a PDFDocEncoded string,
(hyperref)                removing `\<def>-command' on input line 209.


Package hyperref Warning: Token not allowed in a PDFDocEncoded string,
(hyperref)                removing `\@upcode' on input line 209.


Package hyperref Warning: Token not allowed in a PDFDocEncoded string,
(hyperref)                removing `math shift' on input line 209.


Package hyperref Warning: Token not allowed in a PDFDocEncoded string,
(hyperref)                removing `math shift' on input line 209.


Package hyperref Warning: Token not allowed in a PDFDocEncoded string,
(hyperref)                removing `\<def>-command' on input line 209.


Package hyperref Warning: Token not allowed in a PDFDocEncoded string,
(hyperref)                removing `\@itcode' on input line 209.


Package hyperref Warning: Token not allowed in a PDFDocEncoded string,
(hyperref)                removing `\<def>-command' on input line 209.


Package hyperref Warning: Token not allowed in a PDFDocEncoded string,
(hyperref)                removing `\@slcode' on input line 209.


Package hyperref Warning: Token not allowed in a PDFDocEncoded string,
(hyperref)                removing `\<def>-command' on input line 209.


Package hyperref Warning: Token not allowed in a PDFDocEncoded string,
(hyperref)                removing `\@sfcode' on input line 209.


Package hyperref Warning: Token not allowed in a PDFDocEncoded string,
(hyperref)                removing `\<def>-command' on input line 209.


Package hyperref Warning: Token not allowed in a PDFDocEncoded string,
(hyperref)                removing `\@upcode' on input line 209.


Package hyperref Warning: Token not allowed in a PDFDocEncoded string,
(hyperref)                removing `math shift' on input line 209.


Package hyperref Warning: Token not allowed in a PDFDocEncoded string,
(hyperref)                removing `superscript' on input line 209.


Package hyperref Warning: Token not allowed in a PDFDocEncoded string,
(hyperref)                removing `\to' on input line 209.


Package hyperref Warning: Token not allowed in a PDFDocEncoded string,
(hyperref)                removing `math shift' on input line 209.


Package hyperref Warning: Token not allowed in a PDFDocEncoded string,
(hyperref)                removing `\<def>-command' on input line 209.


Package hyperref Warning: Token not allowed in a PDFDocEncoded string,
(hyperref)                removing `\@itcode' on input line 209.


Package hyperref Warning: Token not allowed in a PDFDocEncoded string,
(hyperref)                removing `\<def>-command' on input line 209.


Package hyperref Warning: Token not allowed in a PDFDocEncoded string,
(hyperref)                removing `\@slcode' on input line 209.


Package hyperref Warning: Token not allowed in a PDFDocEncoded string,
(hyperref)                removing `\<def>-command' on input line 209.


Package hyperref Warning: Token not allowed in a PDFDocEncoded string,
(hyperref)                removing `\@sfcode' on input line 209.


Package hyperref Warning: Token not allowed in a PDFDocEncoded string,
(hyperref)                removing `\<def>-command' on input line 209.


Package hyperref Warning: Token not allowed in a PDFDocEncoded string,
(hyperref)                removing `\@upcode' on input line 209.


Package hyperref Warning: Token not allowed in a PDFDocEncoded string,
(hyperref)                removing `math shift' on input line 209.


Package hyperref Warning: Token not allowed in a PDFDocEncoded string,
(hyperref)                removing `math shift' on input line 209.


Package hyperref Warning: Token not allowed in a PDFDocEncoded string,
(hyperref)                removing `math shift' on input line 209.


Package hyperref Warning: Token not allowed in a PDFDocEncoded string,
(hyperref)                removing `\ell' on input line 209.


Package hyperref Warning: Token not allowed in a PDFDocEncoded string,
(hyperref)                removing `math shift' on input line 209.


Package hyperref Warning: Token not allowed in a PDFDocEncoded string,
(hyperref)                removing `superscript' on input line 209.


Package hyperref Warning: Token not allowed in a PDFDocEncoded string,
(hyperref)                removing `math shift' on input line 209.


Package hyperref Warning: Token not allowed in a PDFDocEncoded string,
(hyperref)                removing `\<def>-command' on input line 209.


Package hyperref Warning: Token not allowed in a PDFDocEncoded string,
(hyperref)                removing `\@itcode' on input line 209.


Package hyperref Warning: Token not allowed in a PDFDocEncoded string,
(hyperref)                removing `\<def>-command' on input line 209.


Package hyperref Warning: Token not allowed in a PDFDocEncoded string,
(hyperref)                removing `\@slcode' on input line 209.


Package hyperref Warning: Token not allowed in a PDFDocEncoded string,
(hyperref)                removing `\<def>-command' on input line 209.


Package hyperref Warning: Token not allowed in a PDFDocEncoded string,
(hyperref)                removing `\@sfcode' on input line 209.


Package hyperref Warning: Token not allowed in a PDFDocEncoded string,
(hyperref)                removing `\<def>-command' on input line 209.


Package hyperref Warning: Token not allowed in a PDFDocEncoded string,
(hyperref)                removing `\@upcode' on input line 209.


Package hyperref Warning: Token not allowed in a PDFDocEncoded string,
(hyperref)                removing `\<def>-command' on input line 209.


Package hyperref Warning: Token not allowed in a PDFDocEncoded string,
(hyperref)                removing `\@bfcode' on input line 209.


Package hyperref Warning: Token not allowed in a PDFDocEncoded string,
(hyperref)                removing `\mkern' on input line 209.


Package hyperref Warning: Token not allowed in a PDFDocEncoded string,
(hyperref)                removing `\@@overline' on input line 209.


Package hyperref Warning: Token not allowed in a PDFDocEncoded string,
(hyperref)                removing `\mkern' on input line 209.


Package hyperref Warning: Token not allowed in a PDFDocEncoded string,
(hyperref)                removing `\nu' on input line 209.


Package hyperref Warning: Token not allowed in a PDFDocEncoded string,
(hyperref)                removing `subscript' on input line 209.


Package hyperref Warning: Token not allowed in a PDFDocEncoded string,
(hyperref)                removing `math shift' on input line 209.


Package hyperref Warning: Token not allowed in a PDFDocEncoded string,
(hyperref)                removing `\<def>-command' on input line 209.


Package hyperref Warning: Token not allowed in a PDFDocEncoded string,
(hyperref)                removing `\@sfcode' on input line 209.


Package hyperref Warning: Token not allowed in a PDFDocEncoded string,
(hyperref)                removing `\mskip' on input line 209.


Package hyperref Warning: Token not allowed in a PDFDocEncoded string,
(hyperref)                removing `math shift' on input line 209.


Package hyperref Warning: Token not allowed in a PDFDocEncoded string,
(hyperref)                removing `\scriptstyle' on input line 209.


Package hyperref Warning: Token not allowed in a PDFDocEncoded string,
(hyperref)                removing `superscript' on input line 209.


Package hyperref Warning: Token not allowed in a PDFDocEncoded string,
(hyperref)                removing `math shift' on input line 209.


Package hyperref Warning: Token not allowed in a PDFDocEncoded string,
(hyperref)                removing `\<def>-command' on input line 209.


Package hyperref Warning: Token not allowed in a PDFDocEncoded string,
(hyperref)                removing `\@sfcode' on input line 209.


Package hyperref Warning: Token not allowed in a PDFDocEncoded string,
(hyperref)                removing `\mskip' on input line 209.


Package hyperref Warning: Token not allowed in a PDFDocEncoded string,
(hyperref)                removing `math shift' on input line 209.


Package hyperref Warning: Token not allowed in a PDFDocEncoded string,
(hyperref)                removing `\scriptstyle' on input line 209.


Package hyperref Warning: Token not allowed in a PDFDocEncoded string,
(hyperref)                removing `math shift' on input line 209.


Package hyperref Warning: Token not allowed in a PDFDocEncoded string,
(hyperref)                removing `math shift' on input line 209.


Package hyperref Warning: Token not allowed in a PDFDocEncoded string,
(hyperref)                removing `math shift' on input line 209.

[13]) (./memHHbbww.bbl [14]
Underfull \hbox (badness 3029) in paragraph at lines 62--68
[]\OT1/cmr/m/n/10.95 D. Berdine, N. Kauer, D. Rain-wa-ter, Break-down of the na
r-row width ap-
 []


Underfull \hbox (badness 3168) in paragraph at lines 62--68
\OT1/cmr/m/n/10.95 prox-i-ma-tion for new physics, Phys. Rev. Lett. 99 (2007) 1
11601.  []$\OT1/cmtt/m/n/10.95 arXiv :
 []


Underfull \hbox (badness 7151) in paragraph at lines 62--68
\OT1/cmtt/m/n/10.95 hep-[]ph / 0703058$[]\OT1/cmr/m/n/10.95 , []http://dx.doi.o
rg/10.1103/PhysRevLett.99.111601[] $\OT1/cmtt/m/n/10.95 doi : 10 . 1103 /
 []


Underfull \hbox (badness 3977) in paragraph at lines 70--76
[]\OT1/cmr/m/n/10.95 T. Ohl, Ve-gas re-vis-ited: Adap-tive Monte Carlo in-te-gr
a-tion be-yond fac-tor-
 []


Underfull \hbox (badness 5036) in paragraph at lines 70--76
\OT1/cmr/m/n/10.95 iza-tion, Com-put. Phys. Com-mun. 120 (1999) 13.  []$\OT1/cm
tt/m/n/10.95 arXiv : hep-[]ph / 9806432$[]\OT1/cmr/m/n/10.95 ,
 []


Underfull \hbox (badness 10000) in paragraph at lines 70--76
[]\OT1/cmr/m/n/10.95 http://dx.doi.org/10.1016/S0010-4655(99)00209-X[] $\OT1/cm
tt/m/n/10.95 doi : 10 . 1016 / S0010-[]4655(99 )
 []

) [15] (./memHHbbww.aux) ) 
Here is how much of TeX's memory you used:
 6147 strings out of 256214
 72392 string characters out of 1917000
 157564 words of memory out of 1500000
 9260 multiletter control sequences out of 10000+200000
 24695 words of font info for 89 fonts, out of 1200000 for 2000
 645 hyphenation exceptions out of 8191
 55i,20n,42p,427b,431s stack positions out of 5000i,500n,6000p,200000b,15000s
</usr/share/texmf/fonts/type1/bluesky/cm/cmbsy10.pfb>
</usr/share/texmf/fonts/type1/bluesky/ams/cmbsy7.pfb></usr/share/texmf/fonts/ty
pe1/bluesky/cm/cmbx10.pfb></usr/share/texmf/fonts/type1/bluesky/cm/cmbx12.pfb><
/usr/share/texmf/fonts/type1/bluesky/cm/cmbx6.pfb></usr/share/texmf/fonts/type1
/bluesky/cm/cmbx8.pfb></usr/share/texmf/fonts/type1/bluesky/cm/cmex10.pfb></usr
/share/texmf/fonts/type1/bluesky/cm/cmmi10.pfb></usr/share/texmf/fonts/type1/bl
uesky/cm/cmmi6.pfb></usr/share/texmf/fonts/type1/bluesky/cm/cmmi8.pfb></usr/sha
re/texmf/fonts/type1/bluesky/cm/cmmib10.pfb></usr/share/texmf/fonts/type1/blues
ky/ams/cmmib7.pfb></usr/share/texmf/fonts/type1/bluesky/cm/cmr10.pfb></usr/shar
e/texmf/fonts/type1/bluesky/cm/cmr12.pfb></usr/share/texmf/fonts/type1/bluesky/
cm/cmr17.pfb></usr/share/texmf/fonts/type1/bluesky/cm/cmr6.pfb></usr/share/texm
f/fonts/type1/bluesky/cm/cmr7.pfb></usr/share/texmf/fonts/type1/bluesky/cm/cmr8
.pfb></usr/share/texmf/fonts/type1/bluesky/cm/cmss8.pfb></usr/share/texmf/fonts
/type1/bluesky/cm/cmsy10.pfb></usr/share/texmf/fonts/type1/bluesky/cm/cmsy6.pfb
></usr/share/texmf/fonts/type1/bluesky/cm/cmsy7.pfb></usr/share/texmf/fonts/typ
e1/bluesky/cm/cmsy8.pfb></usr/share/texmf/fonts/type1/bluesky/cm/cmtt10.pfb></u
sr/share/texmf/fonts/type1/public/cmex/fmex8.pfb></usr/share/texmf/fonts/type1/
bluesky/ams/msam10.pfb></usr/share/texmf/fonts/type1/bluesky/ams/msam7.pfb>
Output written on memHHbbww.pdf (15 pages, 238775 bytes).
PDF statistics:
 394 PDF objects out of 1000 (max. 8388607)
 70 named destinations out of 1000 (max. 131072)
 97 words of extra memory for PDF output out of 10000 (max. 10000000)

